<?xml version="1.0" encoding="UTF-8"?>
<testng-results skipped="0" failed="0" ignored="0" total="1" passed="1">
  <reporter-output>
  </reporter-output>
  <suite name="Suite" duration-ms="61" started-at="2020-03-29T23:22:24Z" finished-at="2020-03-29T23:22:24Z">
    <groups>
    </groups>
    <test name="Test" duration-ms="61" started-at="2020-03-29T23:22:24Z" finished-at="2020-03-29T23:22:24Z">
      <class name="Test1">
        <test-method status="PASS" signature="test()[pri:0, instance:Test1@701fc37a]" name="test" duration-ms="12" started-at="2020-03-29T23:22:24Z" finished-at="2020-03-29T23:22:24Z">
          <reporter-output>
          </reporter-output>
        </test-method> <!-- test -->
      </class> <!-- Test1 -->
    </test> <!-- Test -->
  </suite> <!-- Suite -->
</testng-results>
